.NET framework version changed from 4.5 to 3.5

Assets/Parse/Plugins/Unity.Tasks.dll: StandaloneOSXUniversal enabled True (current: False)
.NET selected 3.5, supported (3.5)
Assets/Parse/Plugins/Unity.Tasks.dll: StandaloneOSXIntel enabled True (current: False)
.NET selected 3.5, supported (3.5)
Assets/Parse/Plugins/Unity.Tasks.dll: StandaloneWindows enabled True (current: False)
.NET selected 3.5, supported (3.5)
Assets/Parse/Plugins/Unity.Tasks.dll: iOS enabled True (current: False)
.NET selected 3.5, supported (3.5)
Assets/Parse/Plugins/Unity.Tasks.dll: Android enabled True (current: False)
.NET selected 3.5, supported (3.5)
Assets/Parse/Plugins/Unity.Tasks.dll: StandaloneLinux enabled True (current: False)
.NET selected 3.5, supported (3.5)
Assets/Parse/Plugins/Unity.Tasks.dll: StandaloneWindows64 enabled True (current: False)
.NET selected 3.5, supported (3.5)
Assets/Parse/Plugins/Unity.Tasks.dll: WebGL enabled True (current: False)
.NET selected 3.5, supported (3.5)
Assets/Parse/Plugins/Unity.Tasks.dll: StandaloneLinux64 enabled True (current: False)
.NET selected 3.5, supported (3.5)
Assets/Parse/Plugins/Unity.Tasks.dll: StandaloneOSXIntel64 enabled True (current: False)
.NET selected 3.5, supported (3.5)
Assets/Parse/Plugins/Unity.Tasks.dll: Tizen enabled True (current: False)
.NET selected 3.5, supported (3.5)
Assets/Parse/Plugins/Unity.Tasks.dll: PSP2 enabled True (current: False)
.NET selected 3.5, supported (3.5)
Assets/Parse/Plugins/Unity.Tasks.dll: PS4 enabled True (current: False)
.NET selected 3.5, supported (3.5)
Assets/Parse/Plugins/Unity.Tasks.dll: XboxOne enabled True (current: False)
.NET selected 3.5, supported (3.5)
Assets/Parse/Plugins/Unity.Tasks.dll: SamsungTV enabled True (current: False)
.NET selected 3.5, supported (3.5)
Assets/Parse/Plugins/Unity.Tasks.dll: N3DS enabled True (current: False)
.NET selected 3.5, supported (3.5)
Assets/Parse/Plugins/Unity.Tasks.dll: WiiU enabled True (current: False)
.NET selected 3.5, supported (3.5)
Assets/Parse/Plugins/Unity.Tasks.dll: tvOS enabled True (current: False)
.NET selected 3.5, supported (3.5)
Assets/Parse/Plugins/Unity.Tasks.dll: Switch enabled True (current: False)
.NET selected 3.5, supported (3.5)
